<?xml version="1.0" encoding="UTF-8"?>
<!-- Generated by org.testng.reporters.JUnitXMLReporter -->
<testsuite ignored="0" hostname="LTIN520817" failures="0" tests="10" name="chromeDriver" time="0.071" errors="0" timestamp="2024-04-26T11:46:19 IST">
  <testcase classname="CAS_Project.OutReach" name="@BeforeClass setup" time="-1.714112179315E9">
    <failure type="org.testng.TestNGException" message="
Parameter &amp;apos;{browser}&amp;apos; is required by BeforeClass on method setup but has not been marked @Optional or defined
in C:\Users\2317322\Selenium_Udemy\Selenium_CAS_Project\src\test\java\CAS_Project\testng.xml">
      <![CDATA[org.testng.TestNGException: 
Parameter '{browser}' is required by BeforeClass on method setup but has not been marked @Optional or defined
in C:\Users\2317322\Selenium_Udemy\Selenium_CAS_Project\src\test\java\CAS_Project\testng.xml
at java.base/java.util.ArrayList.forEach(ArrayList.java:1511)
at java.base/java.util.concurrent.FutureTask.run(FutureTask.java:264)
at java.base/java.util.concurrent.ThreadPoolExecutor.runWorker(ThreadPoolExecutor.java:1136)
at java.base/java.util.concurrent.ThreadPoolExecutor$Worker.run(ThreadPoolExecutor.java:635)
at java.base/java.lang.Thread.run(Thread.java:840)
... Removed 13 stack frames]]>
    </failure>
  </testcase> <!-- @BeforeClass setup -->
  <testcase classname="CAS_Project.OutReach" name="@BeforeClass setup" time="-1.714112179315E9">
    <failure type="org.testng.TestNGException" message="
Parameter &amp;apos;{browser}&amp;apos; is required by BeforeClass on method setup but has not been marked @Optional or defined
in C:\Users\2317322\Selenium_Udemy\Selenium_CAS_Project\src\test\java\CAS_Project\testng.xml">
      <![CDATA[org.testng.TestNGException: 
Parameter '{browser}' is required by BeforeClass on method setup but has not been marked @Optional or defined
in C:\Users\2317322\Selenium_Udemy\Selenium_CAS_Project\src\test\java\CAS_Project\testng.xml
at java.base/java.util.ArrayList.forEach(ArrayList.java:1511)
at java.base/java.util.concurrent.FutureTask.run(FutureTask.java:264)
at java.base/java.util.concurrent.ThreadPoolExecutor.runWorker(ThreadPoolExecutor.java:1136)
at java.base/java.util.concurrent.ThreadPoolExecutor$Worker.run(ThreadPoolExecutor.java:635)
at java.base/java.lang.Thread.run(Thread.java:840)
... Removed 13 stack frames]]>
    </failure>
  </testcase> <!-- @BeforeClass setup -->
  <testcase classname="CAS_Project.OutReach" name="beCognizant" time="0.0">
    <skipped/>
  </testcase> <!-- beCognizant -->
  <testcase classname="CAS_Project.OutReach" name="oneCognizantPage" time="0.0">
    <skipped/>
  </testcase> <!-- oneCognizantPage -->
  <testcase classname="CAS_Project.OutReach" name="menu" time="0.0">
    <skipped/>
  </testcase> <!-- menu -->
  <testcase classname="CAS_Project.OutReach" name="subMenu" time="0.0">
    <skipped/>
  </testcase> <!-- subMenu -->
  <testcase classname="CAS_Project.OutReach" name="interstCardList" time="0.0">
    <skipped/>
  </testcase> <!-- interstCardList -->
  <testcase classname="CAS_Project.OutReach" name="serachFilterButton" time="0.0">
    <skipped/>
  </testcase> <!-- serachFilterButton -->
  <testcase classname="CAS_Project.OutReach" name="fromDate" time="0.0">
    <skipped/>
  </testcase> <!-- fromDate -->
  <testcase classname="CAS_Project.OutReach" name="toDate" time="0.0">
    <skipped/>
  </testcase> <!-- toDate -->
  <testcase classname="CAS_Project.OutReach" name="filterSerachButton" time="0.0">
    <skipped/>
  </testcase> <!-- filterSerachButton -->
  <testcase classname="CAS_Project.OutReach" name="vlounteerOption" time="0.0">
    <skipped/>
  </testcase> <!-- vlounteerOption -->
</testsuite> <!-- chromeDriver -->
